[2016-09-25 14:40:37] slim-app.INFO: Slim-Skeleton '/' route [] {"uid":"0bb8aa2"}
[2016-09-25 14:40:51] slim-app.INFO: Slim-Skeleton '/' route [] {"uid":"cf18f80"}
[2016-09-25 14:41:47] slim-app.INFO: Slim-Skeleton '/' route [] {"uid":"e60a1bd"}
[2016-09-25 14:44:36] slim-app.INFO: Slim-Skeleton '/' route [] {"uid":"89336e5"}
[2016-09-25 21:05:13] slim-app.INFO: Slim-Skeleton '/' route [] {"uid":"8d93138"}
[2016-09-25 21:05:19] slim-app.INFO: Slim-Skeleton '/' route [] {"uid":"5dceda5"}
[2016-09-25 21:05:23] slim-app.INFO: Slim-Skeleton '/' route [] {"uid":"1f1fc1e"}
[2016-09-27 23:13:20] slim-app.INFO: Slim-Skeleton '/' route [] {"uid":"9cfadbd"}
[2016-09-27 23:13:27] slim-app.INFO: Slim-Skeleton '/' route [] {"uid":"3745fe9"}
[2016-09-27 23:14:20] slim-app.INFO: Slim-Skeleton '/' route [] {"uid":"ce969e9"}
[2016-09-27 23:17:16] slim-app.INFO: Slim-Skeleton '/' route [] {"uid":"f11e42a"}
[2016-09-27 23:19:19] slim-app.INFO: Slim-Skeleton '/' route [] {"uid":"4387432"}
[2016-09-27 23:19:24] slim-app.INFO: Slim-Skeleton '/' route [] {"uid":"fafb91b"}
[2016-09-28 00:03:30] slim-app.INFO: Slim-Skeleton '/' route [] {"uid":"ad7436f"}
[2016-09-28 00:03:35] slim-app.INFO: Slim-Skeleton '/' route [] {"uid":"dbb90a2"}
[2016-09-28 00:03:39] slim-app.INFO: Slim-Skeleton '/' route [] {"uid":"ce56b87"}
[2016-09-28 00:08:41] slim-app.INFO: Slim-Skeleton '/' route [] {"uid":"ee2d67a"}
[2016-09-28 00:08:45] slim-app.INFO: Slim-Skeleton '/' route [] {"uid":"f63bc13"}
[2016-10-01 00:10:18] slim-app.INFO: Slim-Skeleton '/' route [] {"uid":"49a9873"}
[2016-10-01 00:10:26] slim-app.INFO: Slim-Skeleton '/' route [] {"uid":"642d9a8"}
[2016-10-01 00:10:29] slim-app.INFO: Slim-Skeleton '/' route [] {"uid":"c11343b"}
[2016-10-01 00:10:32] slim-app.INFO: Slim-Skeleton '/' route [] {"uid":"1769cfd"}
[2016-10-01 00:10:36] slim-app.INFO: Slim-Skeleton '/' route [] {"uid":"c6b8d2f"}
[2016-10-01 00:10:43] slim-app.INFO: Slim-Skeleton '/' route [] {"uid":"a888503"}
[2016-10-01 00:10:46] slim-app.INFO: Slim-Skeleton '/' route [] {"uid":"da8f4a9"}
[2016-10-01 00:10:49] slim-app.INFO: Slim-Skeleton '/' route [] {"uid":"7d5bf70"}
[2016-10-01 00:13:06] slim-app.INFO: Slim-Skeleton '/' route [] {"uid":"e884234"}
[2016-10-01 00:14:09] slim-app.INFO: Slim-Skeleton '/' route [] {"uid":"4162efd"}
[2016-10-01 00:14:13] slim-app.INFO: Slim-Skeleton '/' route [] {"uid":"fe04977"}
[2016-10-01 00:14:17] slim-app.INFO: Slim-Skeleton '/' route [] {"uid":"ea7943e"}
[2016-10-01 00:15:12] slim-app.INFO: Slim-Skeleton '/' route [] {"uid":"af9cde1"}
[2016-10-01 00:15:16] slim-app.INFO: Slim-Skeleton '/' route [] {"uid":"fc666cb"}
[2016-10-01 00:15:42] slim-app.INFO: Slim-Skeleton '/' route [] {"uid":"357fa80"}
[2016-10-01 00:36:39] slim-app.INFO: Slim-Skeleton '/' route [] {"uid":"7d5731b"}
[2016-10-01 00:36:41] slim-app.INFO: Slim-Skeleton '/' route [] {"uid":"12bf5f0"}
[2016-10-01 00:36:46] slim-app.INFO: Slim-Skeleton '/' route [] {"uid":"3efcf95"}
[2016-10-07 12:11:07] slim-app.INFO: Slim-Skeleton '/' route [] {"uid":"8e4e773"}
[2016-10-07 14:15:31] slim-app.INFO: Auth: user pavel.stratil-jun@fenix.cz created [] {"uid":"0a20eb4"}
[2016-10-07 14:17:32] slim-app.INFO: Auth: user pavel.stratil-jun@fenix.cz created [] {"uid":"668f76d"}
[2016-10-08 18:11:12] slim-app.INFO: Auth: user billy@vaizard.org created [] {"uid":"1293448"}
[2016-10-08 18:14:24] slim-app.INFO: Auth: user x@x.com created [] {"uid":"2afe7cb"}
[2016-10-08 19:50:20] slim-app.INFO: Slim-Skeleton '/' route [] {"uid":"07cd945"}
[2016-10-09 13:56:11] slim-app.INFO: Auth: user fu@fu.fu created [] {"uid":"1d822a6"}
[2016-10-09 17:48:18] slim-app.INFO: Slim-Skeleton '/' route [] {"uid":"cc22f6a"}
[2016-10-11 15:54:10] slim-app.INFO: Slim-Skeleton '/' route [] {"uid":"3e727ca"}
[2016-10-11 16:33:36] slim-app.INFO: Slim-Skeleton '/' route [] {"uid":"45d8199"}
[2016-10-11 17:54:18] slim-app.INFO: Auth: user pavel.stratil-junnn@fenix.cz created [] {"uid":"246be79"}
[2016-10-11 19:13:37] slim-app.INFO: Slim-Skeleton '/' route [] {"uid":"aeb6629"}
[2016-10-11 20:33:58] slim-app.INFO: Auth: user pavel.stratil-junff@fenix.cz created [] {"uid":"02291b4"}
